[   39839ms] [ERROR] Failed to load resource: the server responded with a status of 404 () @ https://api.polar.sh/v1/organizations/031e186e-e99b-432d-8c10-fd1f90e711ce/account:0
[   40329ms] [ERROR] Failed to load resource: the server responded with a status of 404 () @ https://polar.sh/docs?_rsc=rzwso:0
[   40379ms] [WARNING] The width(-1) and height(-1) of chart should be greater than 0,
       please check the style of container, or the props width(100%) and height(100%),
       or add a minWidth(0) or minHeight(undefined) or use aspect(undefined) to control the
       height and width. @ https://polar.sh/_next/static/chunks/005l.5_f2b579.js:9
[   40381ms] [WARNING] The width(-1) and height(-1) of chart should be greater than 0,
       please check the style of container, or the props width(100%) and height(100%),
       or add a minWidth(0) or minHeight(undefined) or use aspect(undefined) to control the
       height and width. @ https://polar.sh/_next/static/chunks/005l.5_f2b579.js:9
[   40382ms] [WARNING] The width(-1) and height(-1) of chart should be greater than 0,
       please check the style of container, or the props width(100%) and height(100%),
       or add a minWidth(0) or minHeight(undefined) or use aspect(undefined) to control the
       height and width. @ https://polar.sh/_next/static/chunks/005l.5_f2b579.js:9
[   40383ms] [WARNING] The width(-1) and height(-1) of chart should be greater than 0,
       please check the style of container, or the props width(100%) and height(100%),
       or add a minWidth(0) or minHeight(undefined) or use aspect(undefined) to control the
       height and width. @ https://polar.sh/_next/static/chunks/005l.5_f2b579.js:9
[   40383ms] [WARNING] The width(-1) and height(-1) of chart should be greater than 0,
       please check the style of container, or the props width(100%) and height(100%),
       or add a minWidth(0) or minHeight(undefined) or use aspect(undefined) to control the
       height and width. @ https://polar.sh/_next/static/chunks/005l.5_f2b579.js:9
[   67462ms] [ERROR] Failed to load resource: the server responded with a status of 404 () @ https://polar.sh/docs?_rsc=1kjyv:0
[   79988ms] [ERROR] Failed to load resource: the server responded with a status of 404 () @ https://polar.sh/docs?_rsc=rt5fk:0
[   81581ms] [ERROR] Failed to load resource: the server responded with a status of 429 () @ https://polar.sh/monitoring?o=4505046560538624&p=4505047079976960&r=us:0
[  122019ms] [ERROR] Failed to load resource: the server responded with a status of 404 () @ https://polar.sh/docs?_rsc=1kjyv:0
[  127878ms] [ERROR] Failed to load resource: the server responded with a status of 404 () @ https://polar.sh/docs?_rsc=rt5fk:0
[  151514ms] [ERROR] Failed to load resource: the server responded with a status of 404 () @ https://polar.sh/docs?_rsc=1kjyv:0
[  162654ms] [ERROR] Failed to load resource: the server responded with a status of 404 () @ https://polar.sh/docs?_rsc=13zsl:0
[  174239ms] [ERROR] Failed to load resource: the server responded with a status of 404 () @ https://polar.sh/docs?_rsc=13zsl:0
[  221601ms] [ERROR] Failed to load resource: the server responded with a status of 404 () @ https://polar.sh/docs?_rsc=13zsl:0
[  233942ms] [ERROR] Failed to load resource: the server responded with a status of 404 () @ https://polar.sh/docs?_rsc=4iatc:0
[  245393ms] [ERROR] Failed to load resource: the server responded with a status of 404 () @ https://polar.sh/docs?_rsc=13zsl:0
[  256533ms] [ERROR] Failed to load resource: the server responded with a status of 429 () @ https://polar.sh/monitoring?o=4505046560538624&p=4505047079976960&r=us:0
[  256631ms] [ERROR] Failed to load resource: the server responded with a status of 404 () @ https://polar.sh/docs?_rsc=13zsl:0
[  257327ms] [ERROR] Failed to load resource: the server responded with a status of 404 () @ https://polar.sh/docs?_rsc=4iatc:0
[  287537ms] [ERROR] Failed to load resource: the server responded with a status of 404 () @ https://polar.sh/docs?_rsc=4iatc:0
[  302697ms] [ERROR] Failed to load resource: the server responded with a status of 404 () @ https://polar.sh/docs?_rsc=wlsu9:0
