[     712ms] [WARNING] The PerformanceObserver does not support buffered flag with the entryTypes argument. @ https://www.gstatic.com/_/mss/boq-cloud-client/_/js/k=boq-cloud-client.CloudConsoleWeb.en_US.Whs4Yoy_T_s.es5.O/am=AAAAAAAcAAAAAAAALA/d=1/excm=core/ed=1/wt=2/ujg=1/rs=AJ563L_MHNj82GYQqNPOXL0u99aaob_rXg/dti=1/m=core:1171
[    1668ms] [WARNING] No ID or name found in config. @ https://www.gstatic.com/_/mss/boq-cloud-client/_/js/k=boq-cloud-client.CloudConsoleWeb.en_US.Whs4Yoy_T_s.es5.O/am=AAAAAAAcAAAAAAAALA/d=1/excm=core/ed=1/wt=2/ujg=1/rs=AJ563L_MHNj82GYQqNPOXL0u99aaob_rXg/dti=1/m=core:3971
[    1814ms] [ERROR] Failed to load resource: the server responded with a status of 404 () @ https://cloudusersettings-pa.clients6.google.com/v1alpha1/settings/CONSOLE_NAV_UNLOCKED?key=AIzaSyCI-zsRP85UVOi0DjtiCwWBwQ1djDy741g:0
[    1820ms] [ERROR] Failed to load resource: the server responded with a status of 404 () @ https://cloudusersettings-pa.clients6.google.com/v1alpha1/settings/PAN_CORE_ACCESSIBILITY_KEYBOARD_SHORTCUTS?key=AIzaSyCI-zsRP85UVOi0DjtiCwWBwQ1djDy741g:0
[    1895ms] [WARNING] No ID or name found in config. @ https://www.gstatic.com/_/mss/boq-cloud-client/_/js/k=boq-cloud-client.CloudConsoleWeb.en_US.Whs4Yoy_T_s.es5.O/am=AAAAAAAcAAAAAAAALA/d=1/excm=core/ed=1/wt=2/ujg=1/rs=AJ563L_MHNj82GYQqNPOXL0u99aaob_rXg/dti=1/m=core:3971
[    1899ms] [WARNING] No ID or name found in config. @ https://www.gstatic.com/_/mss/boq-cloud-client/_/js/k=boq-cloud-client.CloudConsoleWeb.en_US.Whs4Yoy_T_s.es5.O/am=AAAAAAAcAAAAAAAALA/d=1/excm=core/ed=1/wt=2/ujg=1/rs=AJ563L_MHNj82GYQqNPOXL0u99aaob_rXg/dti=1/m=core:3971
[    1902ms] [WARNING] No ID or name found in config. @ https://www.gstatic.com/_/mss/boq-cloud-client/_/js/k=boq-cloud-client.CloudConsoleWeb.en_US.Whs4Yoy_T_s.es5.O/am=AAAAAAAcAAAAAAAALA/d=1/excm=core/ed=1/wt=2/ujg=1/rs=AJ563L_MHNj82GYQqNPOXL0u99aaob_rXg/dti=1/m=core:3971
[    1904ms] [WARNING] No ID or name found in config. @ https://www.gstatic.com/_/mss/boq-cloud-client/_/js/k=boq-cloud-client.CloudConsoleWeb.en_US.Whs4Yoy_T_s.es5.O/am=AAAAAAAcAAAAAAAALA/d=1/excm=core/ed=1/wt=2/ujg=1/rs=AJ563L_MHNj82GYQqNPOXL0u99aaob_rXg/dti=1/m=core:3971
[    1906ms] [WARNING] No ID or name found in config. @ https://www.gstatic.com/_/mss/boq-cloud-client/_/js/k=boq-cloud-client.CloudConsoleWeb.en_US.Whs4Yoy_T_s.es5.O/am=AAAAAAAcAAAAAAAALA/d=1/excm=core/ed=1/wt=2/ujg=1/rs=AJ563L_MHNj82GYQqNPOXL0u99aaob_rXg/dti=1/m=core:3971
[    1908ms] [WARNING] No ID or name found in config. @ https://www.gstatic.com/_/mss/boq-cloud-client/_/js/k=boq-cloud-client.CloudConsoleWeb.en_US.Whs4Yoy_T_s.es5.O/am=AAAAAAAcAAAAAAAALA/d=1/excm=core/ed=1/wt=2/ujg=1/rs=AJ563L_MHNj82GYQqNPOXL0u99aaob_rXg/dti=1/m=core:3971
[    1911ms] [WARNING] No ID or name found in config. @ https://www.gstatic.com/_/mss/boq-cloud-client/_/js/k=boq-cloud-client.CloudConsoleWeb.en_US.Whs4Yoy_T_s.es5.O/am=AAAAAAAcAAAAAAAALA/d=1/excm=core/ed=1/wt=2/ujg=1/rs=AJ563L_MHNj82GYQqNPOXL0u99aaob_rXg/dti=1/m=core:3971
[    2026ms] [ERROR] Failed to load resource: the server responded with a status of 404 () @ https://cloudusersettings-pa.clients6.google.com/v1alpha1/settings/SIDENAV_COMPACT_MODE?key=AIzaSyCI-zsRP85UVOi0DjtiCwWBwQ1djDy741g:0
[    2047ms] [ERROR] Failed to load resource: the server responded with a status of 404 () @ https://cloudusersettings-pa.clients6.google.com/v1alpha1/settings/PIPELINES_AND_CONNECTIONS_OPT_IN?key=AIzaSyCI-zsRP85UVOi0DjtiCwWBwQ1djDy741g:0
[    2371ms] [ERROR] Failed to load resource: the server responded with a status of 404 () @ https://cloudusersettings-pa.clients6.google.com/v1alpha1/settings/PAN_NOTIFICATION_BELL_LAST_OPENED?key=AIzaSyCI-zsRP85UVOi0DjtiCwWBwQ1djDy741g:0
[    3553ms] [ERROR] Failed to load resource: the server responded with a status of 404 () @ https://cloudusersettings-pa.clients6.google.com/v1alpha1/settings/GROWTH_TARGETED_FEATURE_HISTORY/keys/survey_oauthprojectconfiguration_site?key=AIzaSyCI-zsRP85UVOi0DjtiCwWBwQ1djDy741g:0
[    3587ms] [ERROR] ERROR _.Yi @ https://www.gstatic.com/_/mss/boq-cloud-client/_/js/k=boq-cloud-client.CloudConsoleWeb.en_US.Whs4Yoy_T_s.es5.O/am=AAAAAAAcAAAAAAAALA/d=1/excm=core/ed=1/wt=2/ujg=1/rs=AJ563L_MHNj82GYQqNPOXL0u99aaob_rXg/dti=1/m=core:2015
[    4002ms] [ERROR] Failed to load resource: the server responded with a status of 400 () @ https://cloudusersettings-pa.clients6.google.com/v1alpha1/settings/GROWTH_TARGETED_FEATURE_HISTORY?key=AIzaSyCI-zsRP85UVOi0DjtiCwWBwQ1djDy741g:0
[    4003ms] [ERROR] Failed to load resource: the server responded with a status of 404 () @ https://cloudusersettings-pa.clients6.google.com/v1alpha1/settings/MFA_COHORT_DIALOG_SETTINGS?key=AIzaSyCI-zsRP85UVOi0DjtiCwWBwQ1djDy741g:0
[    4077ms] [ERROR] Failed to load resource: the server responded with a status of 400 () @ https://cloudusersettings-pa.clients6.google.com/v1alpha1/settings/GROWTH_TARGETED_FEATURE_HISTORY?key=AIzaSyCI-zsRP85UVOi0DjtiCwWBwQ1djDy741g:0
[    4212ms] [ERROR] Failed to load resource: the server responded with a status of 404 () @ https://cloudusersettings-pa.clients6.google.com/v1alpha1/settings/COE_NU_FIRST_CHARGE_BANNER_DISMISSALS?key=AIzaSyCI-zsRP85UVOi0DjtiCwWBwQ1djDy741g:0
[    4243ms] [ERROR] Failed to load resource: the server responded with a status of 404 () @ https://cloudusersettings-pa.clients6.google.com/v1alpha1/settings/GROWTH_TARGETED_FEATURE_HISTORY/keys/recently_visited_products_new_badge?key=AIzaSyCI-zsRP85UVOi0DjtiCwWBwQ1djDy741g:0
