[     616ms] [WARNING] The PerformanceObserver does not support buffered flag with the entryTypes argument. @ https://www.gstatic.com/_/mss/boq-cloud-client/_/js/k=boq-cloud-client.CloudConsoleWeb.en_US.v1T6sIE-LNA.es5.O/am=AAAAAABwAAAAAAAAsA/d=1/excm=core/ed=1/wt=2/ujg=1/rs=AJ563L89vl1V7v0YmxjSw0YJxjg8uPwBWA/dti=1/m=core:1210
[    1576ms] [WARNING] No ID or name found in config. @ https://www.gstatic.com/_/mss/boq-cloud-client/_/js/k=boq-cloud-client.CloudConsoleWeb.en_US.v1T6sIE-LNA.es5.O/am=AAAAAABwAAAAAAAAsA/d=1/excm=core/ed=1/wt=2/ujg=1/rs=AJ563L89vl1V7v0YmxjSw0YJxjg8uPwBWA/dti=1/m=core:4037
[    1713ms] [ERROR] Failed to load resource: the server responded with a status of 404 () @ https://cloudusersettings-pa.clients6.google.com/v1alpha1/settings/CONSOLE_NAV_UNLOCKED?key=AIzaSyCI-zsRP85UVOi0DjtiCwWBwQ1djDy741g:0
[    1714ms] [ERROR] Failed to load resource: the server responded with a status of 404 () @ https://cloudusersettings-pa.clients6.google.com/v1alpha1/settings/PAN_CORE_ACCESSIBILITY_KEYBOARD_SHORTCUTS?key=AIzaSyCI-zsRP85UVOi0DjtiCwWBwQ1djDy741g:0
[    1750ms] [WARNING] No ID or name found in config. @ https://www.gstatic.com/_/mss/boq-cloud-client/_/js/k=boq-cloud-client.CloudConsoleWeb.en_US.v1T6sIE-LNA.es5.O/am=AAAAAABwAAAAAAAAsA/d=1/excm=core/ed=1/wt=2/ujg=1/rs=AJ563L89vl1V7v0YmxjSw0YJxjg8uPwBWA/dti=1/m=core:4037
[    1753ms] [WARNING] No ID or name found in config. @ https://www.gstatic.com/_/mss/boq-cloud-client/_/js/k=boq-cloud-client.CloudConsoleWeb.en_US.v1T6sIE-LNA.es5.O/am=AAAAAABwAAAAAAAAsA/d=1/excm=core/ed=1/wt=2/ujg=1/rs=AJ563L89vl1V7v0YmxjSw0YJxjg8uPwBWA/dti=1/m=core:4037
[    1756ms] [WARNING] No ID or name found in config. @ https://www.gstatic.com/_/mss/boq-cloud-client/_/js/k=boq-cloud-client.CloudConsoleWeb.en_US.v1T6sIE-LNA.es5.O/am=AAAAAABwAAAAAAAAsA/d=1/excm=core/ed=1/wt=2/ujg=1/rs=AJ563L89vl1V7v0YmxjSw0YJxjg8uPwBWA/dti=1/m=core:4037
[    1759ms] [WARNING] No ID or name found in config. @ https://www.gstatic.com/_/mss/boq-cloud-client/_/js/k=boq-cloud-client.CloudConsoleWeb.en_US.v1T6sIE-LNA.es5.O/am=AAAAAABwAAAAAAAAsA/d=1/excm=core/ed=1/wt=2/ujg=1/rs=AJ563L89vl1V7v0YmxjSw0YJxjg8uPwBWA/dti=1/m=core:4037
[    1762ms] [WARNING] No ID or name found in config. @ https://www.gstatic.com/_/mss/boq-cloud-client/_/js/k=boq-cloud-client.CloudConsoleWeb.en_US.v1T6sIE-LNA.es5.O/am=AAAAAABwAAAAAAAAsA/d=1/excm=core/ed=1/wt=2/ujg=1/rs=AJ563L89vl1V7v0YmxjSw0YJxjg8uPwBWA/dti=1/m=core:4037
[    1764ms] [WARNING] No ID or name found in config. @ https://www.gstatic.com/_/mss/boq-cloud-client/_/js/k=boq-cloud-client.CloudConsoleWeb.en_US.v1T6sIE-LNA.es5.O/am=AAAAAABwAAAAAAAAsA/d=1/excm=core/ed=1/wt=2/ujg=1/rs=AJ563L89vl1V7v0YmxjSw0YJxjg8uPwBWA/dti=1/m=core:4037
[    1766ms] [WARNING] No ID or name found in config. @ https://www.gstatic.com/_/mss/boq-cloud-client/_/js/k=boq-cloud-client.CloudConsoleWeb.en_US.v1T6sIE-LNA.es5.O/am=AAAAAABwAAAAAAAAsA/d=1/excm=core/ed=1/wt=2/ujg=1/rs=AJ563L89vl1V7v0YmxjSw0YJxjg8uPwBWA/dti=1/m=core:4037
[    1845ms] [ERROR] Failed to load resource: the server responded with a status of 404 () @ https://cloudusersettings-pa.clients6.google.com/v1alpha1/settings/SIDENAV_COMPACT_MODE?key=AIzaSyCI-zsRP85UVOi0DjtiCwWBwQ1djDy741g:0
[    1871ms] [ERROR] Failed to load resource: the server responded with a status of 404 () @ https://cloudusersettings-pa.clients6.google.com/v1alpha1/settings/PIPELINES_AND_CONNECTIONS_OPT_IN?key=AIzaSyCI-zsRP85UVOi0DjtiCwWBwQ1djDy741g:0
[    1946ms] [ERROR] Failed to load resource: the server responded with a status of 404 () @ https://cloudusersettings-pa.clients6.google.com/v1alpha1/settings/PAN_NOTIFICATION_BELL_LAST_OPENED?key=AIzaSyCI-zsRP85UVOi0DjtiCwWBwQ1djDy741g:0
[    3176ms] [ERROR] Failed to load resource: the server responded with a status of 404 () @ https://cloudusersettings-pa.clients6.google.com/v1alpha1/settings/GROWTH_TARGETED_FEATURE_HISTORY/keys/survey_oauthprojectconfiguration_site?key=AIzaSyCI-zsRP85UVOi0DjtiCwWBwQ1djDy741g:0
[    3216ms] [ERROR] ERROR ErrorResponse @ https://www.gstatic.com/_/mss/boq-cloud-client/_/js/k=boq-cloud-client.CloudConsoleWeb.en_US.v1T6sIE-LNA.es5.O/am=AAAAAABwAAAAAAAAsA/d=1/excm=core/ed=1/wt=2/ujg=1/rs=AJ563L89vl1V7v0YmxjSw0YJxjg8uPwBWA/dti=1/m=core:1989
[    3602ms] [ERROR] Failed to load resource: the server responded with a status of 400 () @ https://cloudusersettings-pa.clients6.google.com/v1alpha1/settings/GROWTH_TARGETED_FEATURE_HISTORY?key=AIzaSyCI-zsRP85UVOi0DjtiCwWBwQ1djDy741g:0
[    3685ms] [ERROR] Failed to load resource: the server responded with a status of 400 () @ https://cloudusersettings-pa.clients6.google.com/v1alpha1/settings/GROWTH_TARGETED_FEATURE_HISTORY?key=AIzaSyCI-zsRP85UVOi0DjtiCwWBwQ1djDy741g:0
[    3766ms] [ERROR] Failed to load resource: the server responded with a status of 404 () @ https://cloudusersettings-pa.clients6.google.com/v1alpha1/settings/MFA_COHORT_DIALOG_SETTINGS?key=AIzaSyCI-zsRP85UVOi0DjtiCwWBwQ1djDy741g:0
[    3831ms] [ERROR] Failed to load resource: the server responded with a status of 404 () @ https://cloudusersettings-pa.clients6.google.com/v1alpha1/settings/COE_NU_FIRST_CHARGE_BANNER_DISMISSALS?key=AIzaSyCI-zsRP85UVOi0DjtiCwWBwQ1djDy741g:0
[    3837ms] [ERROR] Failed to load resource: the server responded with a status of 404 () @ https://cloudusersettings-pa.clients6.google.com/v1alpha1/settings/GROWTH_TARGETED_FEATURE_HISTORY/keys/recently_visited_products_new_badge?key=AIzaSyCI-zsRP85UVOi0DjtiCwWBwQ1djDy741g:0
